2018-11-09 17:48:00,433 INFO o.s.b.StartupInfoLogger [main] Starting MockDiffusionPublisherApplicationTests on DESKTOP-F7N3NAH with PID 7812 (started by Anonymous in D:\Workspace\Java)
2018-11-09 17:48:00,438 INFO o.s.b.SpringApplication [main] No active profile set, falling back to default profiles: default
2018-11-09 17:48:03,887 ERROR c.o.m.s.DiffusionService [main] Couldn't connect to diffusion
com.pushtechnology.diffusion.client.session.SessionEstablishmentException: The session failed to be established. No further operations are possible
	at com.pushtechnology.diffusion.command.client.v4.V4InternalSession.connect(V4InternalSession.java:225) ~[diffusion-client-6.1.3.jar:6.1.3_01-58213]
	at com.pushtechnology.diffusion.client.session.impl.SessionContainerFactoryImpl.startSession(SessionContainerFactoryImpl.java:165) ~[diffusion-client-6.1.3.jar:6.1.3_01-58213]
	at com.pushtechnology.diffusion.client.session.impl.SessionFactoryImpl.openSession(SessionFactoryImpl.java:255) ~[diffusion-client-6.1.3.jar:6.1.3_01-58213]
	at com.pushtechnology.diffusion.client.session.impl.SessionFactoryImpl.open(SessionFactoryImpl.java:192) ~[diffusion-client-6.1.3.jar:6.1.3_01-58213]
	at com.oddschecker.mockdiffusionpublisher.services.DiffusionService.connect(DiffusionService.java:74) [classes/:?]
	at com.oddschecker.mockdiffusionpublisher.services.DiffusionService.init(DiffusionService.java:31) [classes/:?]
	at jdk.internal.reflect.NativeMethodAccessorImpl.invoke0(Native Method) ~[?:?]
	at jdk.internal.reflect.NativeMethodAccessorImpl.invoke(NativeMethodAccessorImpl.java:62) ~[?:?]
	at jdk.internal.reflect.DelegatingMethodAccessorImpl.invoke(DelegatingMethodAccessorImpl.java:43) ~[?:?]
	at java.lang.reflect.Method.invoke(Method.java:564) ~[?:?]
	at org.springframework.beans.factory.annotation.InitDestroyAnnotationBeanPostProcessor$LifecycleElement.invoke(InitDestroyAnnotationBeanPostProcessor.java:363) [spring-beans-5.1.2.RELEASE.jar:5.1.2.RELEASE]
	at org.springframework.beans.factory.annotation.InitDestroyAnnotationBeanPostProcessor$LifecycleMetadata.invokeInitMethods(InitDestroyAnnotationBeanPostProcessor.java:307) [spring-beans-5.1.2.RELEASE.jar:5.1.2.RELEASE]
	at org.springframework.beans.factory.annotation.InitDestroyAnnotationBeanPostProcessor.postProcessBeforeInitialization(InitDestroyAnnotationBeanPostProcessor.java:136) [spring-beans-5.1.2.RELEASE.jar:5.1.2.RELEASE]
	at org.springframework.beans.factory.support.AbstractAutowireCapableBeanFactory.applyBeanPostProcessorsBeforeInitialization(AbstractAutowireCapableBeanFactory.java:419) [spring-beans-5.1.2.RELEASE.jar:5.1.2.RELEASE]
	at org.springframework.beans.factory.support.AbstractAutowireCapableBeanFactory.initializeBean(AbstractAutowireCapableBeanFactory.java:1737) [spring-beans-5.1.2.RELEASE.jar:5.1.2.RELEASE]
	at org.springframework.beans.factory.support.AbstractAutowireCapableBeanFactory.doCreateBean(AbstractAutowireCapableBeanFactory.java:576) [spring-beans-5.1.2.RELEASE.jar:5.1.2.RELEASE]
	at org.springframework.beans.factory.support.AbstractAutowireCapableBeanFactory.createBean(AbstractAutowireCapableBeanFactory.java:498) [spring-beans-5.1.2.RELEASE.jar:5.1.2.RELEASE]
	at org.springframework.beans.factory.support.AbstractBeanFactory.lambda$doGetBean$0(AbstractBeanFactory.java:320) [spring-beans-5.1.2.RELEASE.jar:5.1.2.RELEASE]
	at org.springframework.beans.factory.support.DefaultSingletonBeanRegistry.getSingleton(DefaultSingletonBeanRegistry.java:222) [spring-beans-5.1.2.RELEASE.jar:5.1.2.RELEASE]
	at org.springframework.beans.factory.support.AbstractBeanFactory.doGetBean(AbstractBeanFactory.java:318) [spring-beans-5.1.2.RELEASE.jar:5.1.2.RELEASE]
	at org.springframework.beans.factory.support.AbstractBeanFactory.getBean(AbstractBeanFactory.java:199) [spring-beans-5.1.2.RELEASE.jar:5.1.2.RELEASE]
	at org.springframework.beans.factory.config.DependencyDescriptor.resolveCandidate(DependencyDescriptor.java:273) [spring-beans-5.1.2.RELEASE.jar:5.1.2.RELEASE]
	at org.springframework.beans.factory.support.DefaultListableBeanFactory.doResolveDependency(DefaultListableBeanFactory.java:1239) [spring-beans-5.1.2.RELEASE.jar:5.1.2.RELEASE]
	at org.springframework.beans.factory.support.DefaultListableBeanFactory.resolveDependency(DefaultListableBeanFactory.java:1166) [spring-beans-5.1.2.RELEASE.jar:5.1.2.RELEASE]
	at org.springframework.beans.factory.annotation.AutowiredAnnotationBeanPostProcessor$AutowiredFieldElement.inject(AutowiredAnnotationBeanPostProcessor.java:593) [spring-beans-5.1.2.RELEASE.jar:5.1.2.RELEASE]
	at org.springframework.beans.factory.annotation.InjectionMetadata.inject(InjectionMetadata.java:90) [spring-beans-5.1.2.RELEASE.jar:5.1.2.RELEASE]
	at org.springframework.beans.factory.annotation.AutowiredAnnotationBeanPostProcessor.postProcessProperties(AutowiredAnnotationBeanPostProcessor.java:374) [spring-beans-5.1.2.RELEASE.jar:5.1.2.RELEASE]
	at org.springframework.beans.factory.support.AbstractAutowireCapableBeanFactory.populateBean(AbstractAutowireCapableBeanFactory.java:1378) [spring-beans-5.1.2.RELEASE.jar:5.1.2.RELEASE]
	at org.springframework.beans.factory.support.AbstractAutowireCapableBeanFactory.doCreateBean(AbstractAutowireCapableBeanFactory.java:575) [spring-beans-5.1.2.RELEASE.jar:5.1.2.RELEASE]
	at org.springframework.beans.factory.support.AbstractAutowireCapableBeanFactory.createBean(AbstractAutowireCapableBeanFactory.java:498) [spring-beans-5.1.2.RELEASE.jar:5.1.2.RELEASE]
	at org.springframework.beans.factory.support.AbstractBeanFactory.lambda$doGetBean$0(AbstractBeanFactory.java:320) [spring-beans-5.1.2.RELEASE.jar:5.1.2.RELEASE]
	at org.springframework.beans.factory.support.DefaultSingletonBeanRegistry.getSingleton(DefaultSingletonBeanRegistry.java:222) [spring-beans-5.1.2.RELEASE.jar:5.1.2.RELEASE]
	at org.springframework.beans.factory.support.AbstractBeanFactory.doGetBean(AbstractBeanFactory.java:318) [spring-beans-5.1.2.RELEASE.jar:5.1.2.RELEASE]
	at org.springframework.beans.factory.support.AbstractBeanFactory.getBean(AbstractBeanFactory.java:199) [spring-beans-5.1.2.RELEASE.jar:5.1.2.RELEASE]
	at org.springframework.beans.factory.config.DependencyDescriptor.resolveCandidate(DependencyDescriptor.java:273) [spring-beans-5.1.2.RELEASE.jar:5.1.2.RELEASE]
	at org.springframework.beans.factory.support.DefaultListableBeanFactory.doResolveDependency(DefaultListableBeanFactory.java:1239) [spring-beans-5.1.2.RELEASE.jar:5.1.2.RELEASE]
	at org.springframework.beans.factory.support.DefaultListableBeanFactory.resolveDependency(DefaultListableBeanFactory.java:1166) [spring-beans-5.1.2.RELEASE.jar:5.1.2.RELEASE]
	at org.springframework.beans.factory.annotation.AutowiredAnnotationBeanPostProcessor$AutowiredFieldElement.inject(AutowiredAnnotationBeanPostProcessor.java:593) [spring-beans-5.1.2.RELEASE.jar:5.1.2.RELEASE]
	at org.springframework.beans.factory.annotation.InjectionMetadata.inject(InjectionMetadata.java:90) [spring-beans-5.1.2.RELEASE.jar:5.1.2.RELEASE]
	at org.springframework.beans.factory.annotation.AutowiredAnnotationBeanPostProcessor.postProcessProperties(AutowiredAnnotationBeanPostProcessor.java:374) [spring-beans-5.1.2.RELEASE.jar:5.1.2.RELEASE]
	at org.springframework.beans.factory.support.AbstractAutowireCapableBeanFactory.populateBean(AbstractAutowireCapableBeanFactory.java:1378) [spring-beans-5.1.2.RELEASE.jar:5.1.2.RELEASE]
	at org.springframework.beans.factory.support.AbstractAutowireCapableBeanFactory.doCreateBean(AbstractAutowireCapableBeanFactory.java:575) [spring-beans-5.1.2.RELEASE.jar:5.1.2.RELEASE]
	at org.springframework.beans.factory.support.AbstractAutowireCapableBeanFactory.createBean(AbstractAutowireCapableBeanFactory.java:498) [spring-beans-5.1.2.RELEASE.jar:5.1.2.RELEASE]
	at org.springframework.beans.factory.support.AbstractBeanFactory.lambda$doGetBean$0(AbstractBeanFactory.java:320) [spring-beans-5.1.2.RELEASE.jar:5.1.2.RELEASE]
	at org.springframework.beans.factory.support.DefaultSingletonBeanRegistry.getSingleton(DefaultSingletonBeanRegistry.java:222) [spring-beans-5.1.2.RELEASE.jar:5.1.2.RELEASE]
	at org.springframework.beans.factory.support.AbstractBeanFactory.doGetBean(AbstractBeanFactory.java:318) [spring-beans-5.1.2.RELEASE.jar:5.1.2.RELEASE]
	at org.springframework.beans.factory.support.AbstractBeanFactory.getBean(AbstractBeanFactory.java:199) [spring-beans-5.1.2.RELEASE.jar:5.1.2.RELEASE]
	at org.springframework.beans.factory.support.DefaultListableBeanFactory.preInstantiateSingletons(DefaultListableBeanFactory.java:846) [spring-beans-5.1.2.RELEASE.jar:5.1.2.RELEASE]
	at org.springframework.context.support.AbstractApplicationContext.finishBeanFactoryInitialization(AbstractApplicationContext.java:863) [spring-context-5.1.2.RELEASE.jar:5.1.2.RELEASE]
	at org.springframework.context.support.AbstractApplicationContext.refresh(AbstractApplicationContext.java:546) [spring-context-5.1.2.RELEASE.jar:5.1.2.RELEASE]
	at org.springframework.boot.SpringApplication.refresh(SpringApplication.java:775) [spring-boot-2.1.0.RELEASE.jar:2.1.0.RELEASE]
	at org.springframework.boot.SpringApplication.refreshContext(SpringApplication.java:397) [spring-boot-2.1.0.RELEASE.jar:2.1.0.RELEASE]
	at org.springframework.boot.SpringApplication.run(SpringApplication.java:316) [spring-boot-2.1.0.RELEASE.jar:2.1.0.RELEASE]
	at org.springframework.boot.test.context.SpringBootContextLoader.loadContext(SpringBootContextLoader.java:127) [spring-boot-test-2.1.0.RELEASE.jar:2.1.0.RELEASE]
	at org.springframework.test.context.cache.DefaultCacheAwareContextLoaderDelegate.loadContextInternal(DefaultCacheAwareContextLoaderDelegate.java:99) [spring-test-5.1.2.RELEASE.jar:5.1.2.RELEASE]
	at org.springframework.test.context.cache.DefaultCacheAwareContextLoaderDelegate.loadContext(DefaultCacheAwareContextLoaderDelegate.java:117) [spring-test-5.1.2.RELEASE.jar:5.1.2.RELEASE]
	at org.springframework.test.context.support.DefaultTestContext.getApplicationContext(DefaultTestContext.java:108) [spring-test-5.1.2.RELEASE.jar:5.1.2.RELEASE]
	at org.springframework.test.context.web.ServletTestExecutionListener.setUpRequestContextIfNecessary(ServletTestExecutionListener.java:190) [spring-test-5.1.2.RELEASE.jar:5.1.2.RELEASE]
	at org.springframework.test.context.web.ServletTestExecutionListener.prepareTestInstance(ServletTestExecutionListener.java:132) [spring-test-5.1.2.RELEASE.jar:5.1.2.RELEASE]
	at org.springframework.test.context.TestContextManager.prepareTestInstance(TestContextManager.java:246) [spring-test-5.1.2.RELEASE.jar:5.1.2.RELEASE]
	at org.springframework.test.context.junit4.SpringJUnit4ClassRunner.createTest(SpringJUnit4ClassRunner.java:227) [spring-test-5.1.2.RELEASE.jar:5.1.2.RELEASE]
	at org.springframework.test.context.junit4.SpringJUnit4ClassRunner$1.runReflectiveCall(SpringJUnit4ClassRunner.java:289) [spring-test-5.1.2.RELEASE.jar:5.1.2.RELEASE]
	at org.junit.internal.runners.model.ReflectiveCallable.run(ReflectiveCallable.java:12) [junit-4.12.jar:4.12]
	at org.springframework.test.context.junit4.SpringJUnit4ClassRunner.methodBlock(SpringJUnit4ClassRunner.java:291) [spring-test-5.1.2.RELEASE.jar:5.1.2.RELEASE]
	at org.springframework.test.context.junit4.SpringJUnit4ClassRunner.runChild(SpringJUnit4ClassRunner.java:246) [spring-test-5.1.2.RELEASE.jar:5.1.2.RELEASE]
	at org.springframework.test.context.junit4.SpringJUnit4ClassRunner.runChild(SpringJUnit4ClassRunner.java:97) [spring-test-5.1.2.RELEASE.jar:5.1.2.RELEASE]
	at org.junit.runners.ParentRunner$3.run(ParentRunner.java:290) [junit-4.12.jar:4.12]
	at org.junit.runners.ParentRunner$1.schedule(ParentRunner.java:71) [junit-4.12.jar:4.12]
	at org.junit.runners.ParentRunner.runChildren(ParentRunner.java:288) [junit-4.12.jar:4.12]
	at org.junit.runners.ParentRunner.access$000(ParentRunner.java:58) [junit-4.12.jar:4.12]
	at org.junit.runners.ParentRunner$2.evaluate(ParentRunner.java:268) [junit-4.12.jar:4.12]
	at org.springframework.test.context.junit4.statements.RunBeforeTestClassCallbacks.evaluate(RunBeforeTestClassCallbacks.java:61) [spring-test-5.1.2.RELEASE.jar:5.1.2.RELEASE]
	at org.springframework.test.context.junit4.statements.RunAfterTestClassCallbacks.evaluate(RunAfterTestClassCallbacks.java:70) [spring-test-5.1.2.RELEASE.jar:5.1.2.RELEASE]
	at org.junit.runners.ParentRunner.run(ParentRunner.java:363) [junit-4.12.jar:4.12]
	at org.springframework.test.context.junit4.SpringJUnit4ClassRunner.run(SpringJUnit4ClassRunner.java:190) [spring-test-5.1.2.RELEASE.jar:5.1.2.RELEASE]
	at org.apache.maven.surefire.junit4.JUnit4Provider.execute(JUnit4Provider.java:365) [surefire-junit4-2.22.1.jar:2.22.1]
	at org.apache.maven.surefire.junit4.JUnit4Provider.executeWithRerun(JUnit4Provider.java:273) [surefire-junit4-2.22.1.jar:2.22.1]
	at org.apache.maven.surefire.junit4.JUnit4Provider.executeTestSet(JUnit4Provider.java:238) [surefire-junit4-2.22.1.jar:2.22.1]
	at org.apache.maven.surefire.junit4.JUnit4Provider.invoke(JUnit4Provider.java:159) [surefire-junit4-2.22.1.jar:2.22.1]
	at org.apache.maven.surefire.booter.ForkedBooter.invokeProviderInSameClassLoader(ForkedBooter.java:384) [surefire-booter-2.22.1.jar:2.22.1]
	at org.apache.maven.surefire.booter.ForkedBooter.runSuitesInProcess(ForkedBooter.java:345) [surefire-booter-2.22.1.jar:2.22.1]
	at org.apache.maven.surefire.booter.ForkedBooter.execute(ForkedBooter.java:126) [surefire-booter-2.22.1.jar:2.22.1]
	at org.apache.maven.surefire.booter.ForkedBooter.main(ForkedBooter.java:418) [surefire-booter-2.22.1.jar:2.22.1]
Caused by: com.pushtechnology.diffusion.comms.connection.ConnectionException: Failed to connect to ws://diffusion:6785/diffusion: null
	at com.pushtechnology.diffusion.comms.connection.SocketChannelFactory.connect(SocketChannelFactory.java:64) ~[diffusion-client-6.1.3.jar:6.1.3_01-58213]
	at com.pushtechnology.diffusion.comms.connection.NetworkChannelFactoryImpl.createChannel(NetworkChannelFactoryImpl.java:42) ~[diffusion-client-6.1.3.jar:6.1.3_01-58213]
	at com.pushtechnology.diffusion.comms.connection.CascadeDriverImpl.cascade(CascadeDriverImpl.java:212) ~[diffusion-client-6.1.3.jar:6.1.3_01-58213]
	at com.pushtechnology.diffusion.comms.connection.CascadeDriverImpl.beginCascade(CascadeDriverImpl.java:177) ~[diffusion-client-6.1.3.jar:6.1.3_01-58213]
	at com.pushtechnology.diffusion.comms.connection.CascadeDriverImpl.connect(CascadeDriverImpl.java:115) ~[diffusion-client-6.1.3.jar:6.1.3_01-58213]
	at com.pushtechnology.diffusion.comms.connection.OutboundConnectionFactoryImpl.connectMessageChannel(OutboundConnectionFactoryImpl.java:95) ~[diffusion-client-6.1.3.jar:6.1.3_01-58213]
	at com.pushtechnology.diffusion.command.client.v4.V4InternalSession.connect(V4InternalSession.java:199) ~[diffusion-client-6.1.3.jar:6.1.3_01-58213]
	... 82 more
Caused by: java.nio.channels.UnresolvedAddressException
	at sun.nio.ch.Net.checkAddress(Net.java:112) ~[?:?]
	at sun.nio.ch.SocketChannelImpl.connect(SocketChannelImpl.java:622) ~[?:?]
	at com.pushtechnology.diffusion.comms.connection.SocketChannelFactory.connectSocket(SocketChannelFactory.java:189) ~[diffusion-client-6.1.3.jar:6.1.3_01-58213]
	at com.pushtechnology.diffusion.comms.connection.SocketChannelFactory.connectDirectly(SocketChannelFactory.java:105) ~[diffusion-client-6.1.3.jar:6.1.3_01-58213]
	at com.pushtechnology.diffusion.comms.connection.SocketChannelFactory.connect(SocketChannelFactory.java:60) ~[diffusion-client-6.1.3.jar:6.1.3_01-58213]
	at com.pushtechnology.diffusion.comms.connection.NetworkChannelFactoryImpl.createChannel(NetworkChannelFactoryImpl.java:42) ~[diffusion-client-6.1.3.jar:6.1.3_01-58213]
	at com.pushtechnology.diffusion.comms.connection.CascadeDriverImpl.cascade(CascadeDriverImpl.java:212) ~[diffusion-client-6.1.3.jar:6.1.3_01-58213]
	at com.pushtechnology.diffusion.comms.connection.CascadeDriverImpl.beginCascade(CascadeDriverImpl.java:177) ~[diffusion-client-6.1.3.jar:6.1.3_01-58213]
	at com.pushtechnology.diffusion.comms.connection.CascadeDriverImpl.connect(CascadeDriverImpl.java:115) ~[diffusion-client-6.1.3.jar:6.1.3_01-58213]
	at com.pushtechnology.diffusion.comms.connection.OutboundConnectionFactoryImpl.connectMessageChannel(OutboundConnectionFactoryImpl.java:95) ~[diffusion-client-6.1.3.jar:6.1.3_01-58213]
	at com.pushtechnology.diffusion.command.client.v4.V4InternalSession.connect(V4InternalSession.java:199) ~[diffusion-client-6.1.3.jar:6.1.3_01-58213]
	... 82 more
2018-11-09 17:48:04,293 INFO o.s.s.c.ExecutorConfigurationSupport [main] Initializing ExecutorService 'applicationTaskExecutor'
2018-11-09 17:48:04,567 INFO o.s.s.c.ExecutorConfigurationSupport [main] Initializing ExecutorService
2018-11-09 17:48:04,573 INFO o.s.b.StartupInfoLogger [main] Started MockDiffusionPublisherApplicationTests in 4.365 seconds (JVM running for 5.123)
2018-11-09 17:48:04,853 INFO o.s.s.c.ExecutorConfigurationSupport [Thread-1] Shutting down ExecutorService 'applicationTaskExecutor'
2018-11-09 17:48:04,854 WARN o.s.b.f.a.InitDestroyAnnotationBeanPostProcessor [Thread-1] Destroy method on bean with name 'diffusionService' threw an exception: java.lang.NullPointerException
